<?xml version="1.0" encoding="UTF-8"?>
<!-- Generated by org.testng.reporters.JUnitReportReporter -->
<testsuite hostname="DESKTOP-SKPMEFP" failures="0" tests="3" name="com.MystoreV3.Testcases.TC_myAccountPageTest" time="4.105" errors="0" timestamp="2023-10-05T09:22:49 IST" skipped="2">
  <testcase classname="com.MystoreV3.Testcases.TC_myAccountPageTest" name="verifyLogin" time="4.105"/>
  <system-out/>
  <testcase classname="com.MystoreV3.Testcases.TC_myAccountPageTest" name="verifySignOut">
    <skipped/>
  </testcase> <!-- verifySignOut -->
  <system-out/>
  <testcase classname="com.MystoreV3.Testcases.TC_myAccountPageTest" name="verifyRegistrationAndLogin">
    <skipped/>
  </testcase> <!-- verifyRegistrationAndLogin -->
  <system-out/>
</testsuite> <!-- com.MystoreV3.Testcases.TC_myAccountPageTest -->
